<?xml version="1.0" encoding="UTF-8"?>
<testng-results ignored="0" total="1" passed="1" failed="0" skipped="0">
  <reporter-output>
  </reporter-output>
  <suite started-at="2024-01-24T17:10:26 IST" name="Default suite" finished-at="2024-01-24T17:10:33 IST" duration-ms="7122">
    <groups>
    </groups>
    <test started-at="2024-01-24T17:10:26 IST" name="Default test" finished-at="2024-01-24T17:10:33 IST" duration-ms="7122">
      <class name="automationscript.DragAndDrop">
        <test-method is-config="true" signature="launchBrowser()[pri:0, instance:automationscript.DragAndDrop@4efc180e]" started-at="2024-01-24T17:10:26 IST" name="launchBrowser" finished-at="2024-01-24T17:10:31 IST" duration-ms="4346" status="PASS">
          <reporter-output>
          </reporter-output>
        </test-method> <!-- launchBrowser -->
        <test-method signature="dragAndDrop()[pri:0, instance:automationscript.DragAndDrop@4efc180e]" started-at="2024-01-24T17:10:31 IST" name="dragAndDrop" finished-at="2024-01-24T17:10:33 IST" duration-ms="2568" status="PASS">
          <reporter-output>
          </reporter-output>
        </test-method> <!-- dragAndDrop -->
        <test-method is-config="true" signature="closeBrowser()[pri:0, instance:automationscript.DragAndDrop@4efc180e]" started-at="2024-01-24T17:10:33 IST" name="closeBrowser" finished-at="2024-01-24T17:10:33 IST" duration-ms="155" status="PASS">
          <reporter-output>
          </reporter-output>
        </test-method> <!-- closeBrowser -->
      </class> <!-- automationscript.DragAndDrop -->
    </test> <!-- Default test -->
  </suite> <!-- Default suite -->
</testng-results>
