<?xml version="1.0" encoding="UTF-8"?>
<testng-results total="1" passed="1" failed="0" skipped="0">
  <reporter-output>
  </reporter-output>
  <suite started-at="2024-03-02T15:26:04Z" name="Default suite" finished-at="2024-03-02T15:26:06Z" duration-ms="1746">
    <groups>
    </groups>
    <test started-at="2024-03-02T15:26:04Z" name="Default test" finished-at="2024-03-02T15:26:06Z" duration-ms="1746">
      <class name="esyaHes.GetBLP3">
        <test-method signature="getRequest()[pri:0, instance:esyaHes.GetBLP3@793f29ff]" started-at="2024-03-02T20:56:04Z" name="getRequest" finished-at="2024-03-02T20:56:06Z" duration-ms="1733" status="PASS">
          <reporter-output>
          </reporter-output>
        </test-method> <!-- getRequest -->
      </class> <!-- esyaHes.GetBLP3 -->
    </test> <!-- Default test -->
  </suite> <!-- Default suite -->
</testng-results>
